alembic==1.9.3
anyio==4.2.0
anytree==2.9.0
app-common-python==0.2.6
argcomplete==2.0.0
argon2-cffi==23.1.0
argon2-cffi-bindings==21.2.0
arrow==1.3.0
asttokens==2.4.1
async-lru==2.0.4
attrs==22.2.0
Authlib==1.2.1
azure-common==1.1.28
azure-core==1.28.0
azure-identity==1.10.0
azure-mgmt-core==1.3.2
azure-mgmt-rdbms==10.2.0b10
azure-mgmt-resource==23.1.0b2
azure-mgmt-subscription==3.0.0
Babel==2.11.0
bcrypt==3.2.2
Beaker==1.12.1
beautifulsoup4==4.12.2
bidict==0.22.0
bleach==6.1.0
blinker==1.5
blivet==3.7.1
blivet-gui==2.4.2
boto3==1.28.21
botocore==1.31.21
Brlapi==0.8.4
Brotli==1.0.9
cached-property==1.5.2
cachetools==5.3.0
certifi==2022.9.24
cffi==1.15.1
cfgv==3.4.0
chardet==3.0.4
charset-normalizer==3.1.0
click==8.1.3
colorama==0.4.6
comm==0.2.1
commonmark==0.9.1
crc-bonfire==5.5.4
cryptography==37.0.2
cupshelpers==1.0
dasbus==1.7
dbus-python==1.3.2
debugpy==1.8.1
decorator==5.1.1
defusedxml==0.7.1
distlib==0.3.6
distro==1.8.0
dnspython==2.3.0
docopt==0.6.2
email-validator==1.1.3
eventlet==0.33.3
executing==2.0.1
fastjsonschema==2.19.1
fedora-third-party==0.10
fido2==1.1.1
file-magic==0.4.0
filelock==3.8.2
Flask==2.2.3
Flask-Babel==2.0.0
flask-compress==1.13
Flask-Gravatar==0.5.0
Flask-Login==0.6.2
Flask-Mail==0.9.1
Flask-Migrate==4.0.4
Flask-Paranoid==0.3.0
Flask-Principal==0.4.0
Flask-Security-Too==4.1.5
Flask-SocketIO==5.3.6
Flask-SQLAlchemy==2.5.1
Flask-WTF==1.1.1
fqdn==1.5.1
fros==1.1
future==0.18.3
git-machete==3.24.2
google-auth==2.23.0
gpg==1.17.1
gql==3.0.0a6
graphql-core==3.1.7
greenlet==1.1.3
gssapi==1.7.3
h11==0.14.0
httpagentparser==1.9.5
httpcore==1.0.3
httpie==3.2.2
httpx==0.26.0
humanize==3.13.1
identify==2.5.30
idna==3.4
iniconfig==2.0.0
ipykernel==6.29.2
ipython==8.21.0
ipywidgets==8.1.2
isodate==0.6.1
isoduration==20.11.0
itsdangerous==2.1.2
jedi==0.19.1
Jinja2==3.0.3
jmespath==1.0.1
json5==0.9.14
jsonpointer==2.4
jsonschema==4.21.1
jsonschema-specifications==2023.12.1
junitparser==3.1.0
jupyter-console==6.6.3
jupyter-events==0.9.0
jupyter-lsp==2.2.2
jupyter_client==8.6.0
jupyter_core==5.7.1
jupyter_server==2.12.5
jupyter_server_terminals==0.5.2
jupyterlab==4.1.1
jupyterlab_pygments==0.3.0
jupyterlab_server==2.25.3
jupyterlab_widgets==3.0.10
koji==1.33.0
kubernetes==28.1.0
langtable==0.0.64
ldap3==2.9.1
libcomps==0.1.18
libvirt-python==9.0.0
lxml==4.9.2
Mako==1.2.3
markdown-it-py==2.2.0
MarkupSafe==2.1.2
matplotlib-inline==0.1.6
mdurl==0.1.2
mistune==3.0.2
msal==1.24.0b1
msal-extensions==1.0.0
msrest==0.7.1
multidict==6.0.4
nbclient==0.9.0
nbconvert==7.16.0
nbformat==5.9.2
nest-asyncio==1.6.0
nftables==0.1
nodeenv==0.13.6
notebook==7.1.0
notebook_shim==0.2.4
oauthlib==3.2.2
ocviapy==1.2.3
olefile==0.46
overrides==7.7.0
packaging==23.0
pandocfilters==1.5.1
paramiko==3.1.0
parsedatetime==2.6
parso==0.8.3
passlib==1.7.4
Paste==3.5.2
pexpect==4.8.0
pid==2.2.3
Pillow==9.4.0
pipenv==2022.10.25
pipreqs==0.4.13
platformdirs==2.6.0
pluggy==0.13.1
ply==3.11
podman-compose==1.0.6
portalocker==2.7.0
pre-commit==3.4.0
productmd==1.37
progressbar2==3.53.2
prometheus_client==0.20.0
prompt-toolkit==3.0.43
psutil==5.9.5
psycopg2==2.9.6
ptyprocess==0.7.0
pure-eval==0.2.2
pwquality==1.4.5
py==1.11.0
pyasn1==0.4.8
pyasn1-modules==0.3.0
pycairo==1.23.0
pycparser==2.20
pycrypto==2.6.1
pycups==2.0.1
pycurl==7.45.2
pyenchant==3.2.2
pygit2==1.12.2
Pygments==2.14.0
PyGObject==3.44.1
PyJWT==2.6.0
pykickstart==3.47
PyNaCl==1.5.0
pyOpenSSL==21.0.0
pyotp==2.9.0
pyparsing==3.0.9
pyparted==3.12.0
pyproject_api==1.5.0
pyrsistent==0.19.3
pyscard==2.0.5
PySocks==1.7.1
pytest==7.4.2
python-augeas==1.1.0
python-dateutil==2.8.2
python-dotenv==0.21.1
python-engineio==4.7.0
python-json-logger==2.0.7
python-meh==0.51
python-socketio==5.9.0
python-utils==3.3.3
pytz==2023.3.post1
pyudev==0.24.0
pyxdg==0.27
PyYAML==6.0
pyzmq==25.1.2
qrcode==7.3.1
qtconsole==5.5.1
QtPy==2.4.1
referencing==0.33.0
regex==2023.6.3
requests==2.31.0
requests-file==1.5.1
requests-ftp==0.3.1
requests-gssapi==1.2.3
requests-oauthlib==1.3.1
requests-toolbelt==0.10.1
rfc3339-validator==0.1.4
rfc3986-validator==0.1.1
rh-gitleaks @ file:///tmp/infosec-tools/rh-gitleaks
rh-pre-commit @ file:///tmp/infosec-tools/rh-pre-commit
rich==13.3.5
rpds-py==0.18.0
rpm==4.18.1
rpmautospec==0.3.5
rsa==4.9
s3transfer==0.6.2
selinux==3.5
Send2Trash==1.8.2
sepolicy==3.5
setools==4.4.3
sh==2.0.6
simpleaudio==1.0.4
simplejson==3.18.3
simpleline==1.9.0
six==1.16.0
sniffio==1.3.0
sos==4.5.1
soupsieve==2.4.1
SQLAlchemy==1.4.49
sqlparse==0.4.2
sshtunnel==0.4.0
stack-data==0.6.3
systemd-python==235
tabulate==0.9.0
Tempita==0.5.2
terminado==0.18.0
texttable==1.6.4
tinycss2==1.2.1
toml==0.10.2
tomli==2.0.1
tornado==6.4
tox==0.0.0
traitlets==5.14.1
types-python-dateutil==2.8.19.20240106
typing_extensions==4.5.0
ua-parser==0.18.0
uri-template==1.3.0
urllib3==1.26.18
user-agents==2.2.0
virtualenv==20.21.1
virtualenv-clone==0.5.7
wait-for==1.2.0
wcwidth==0.2.13
webcolors==1.13
webencodings==0.5.1
websocket-client==1.3.3
widgetsnbextension==4.0.10
WTForms==3.0.1
yarg==0.1.9
yarl==1.9.2
