a2wsgi==1.10.4
app-common-python==0.2.6
clickclick==20.10.2
  - click [required: >=4.0, installed: 8.1.7]
  - PyYAML [required: >=3.11, installed: 6.0.1]
confluent-kafka==2.3.0
connexion==3.0.6
  - asgiref [required: >=3.4, installed: 3.8.1]
    - typing-extensions [required: >=4, installed: 4.11.0]
  - httpx [required: >=0.23, installed: 0.27.0]
    - anyio [required: Any, installed: 4.3.0]
      - exceptiongroup [required: >=1.0.2, installed: 1.2.1]
      - idna [required: >=2.8, installed: 3.7]
      - sniffio [required: >=1.1, installed: 1.3.1]
      - typing-extensions [required: >=4.1, installed: 4.11.0]
    - certifi [required: Any, installed: 2024.2.2]
    - httpcore [required: ==1.*, installed: 1.0.5]
      - certifi [required: Any, installed: 2024.2.2]
      - h11 [required: >=0.13,<0.15, installed: 0.14.0]
    - idna [required: Any, installed: 3.7]
    - sniffio [required: Any, installed: 1.3.1]
  - inflection [required: >=0.3.1, installed: 0.5.1]
  - Jinja2 [required: >=3.0.0, installed: 3.1.3]
    - MarkupSafe [required: >=2.0, installed: 2.1.5]
  - jsonschema [required: >=4.0.1, installed: 4.21.1]
    - attrs [required: >=22.2.0, installed: 23.2.0]
    - jsonschema-specifications [required: >=2023.03.6, installed: 2023.12.1]
      - referencing [required: >=0.31.0, installed: 0.31.1]
        - attrs [required: >=22.2.0, installed: 23.2.0]
        - rpds-py [required: >=0.7.0, installed: 0.18.0]
    - referencing [required: >=0.28.4, installed: 0.31.1]
      - attrs [required: >=22.2.0, installed: 23.2.0]
      - rpds-py [required: >=0.7.0, installed: 0.18.0]
    - rpds-py [required: >=0.7.1, installed: 0.18.0]
  - python-multipart [required: >=0.0.5, installed: 0.0.9]
  - PyYAML [required: >=5.1, installed: 6.0.1]
  - requests [required: >=2.27, installed: 2.31.0]
    - certifi [required: >=2017.4.17, installed: 2024.2.2]
    - charset-normalizer [required: >=2,<4, installed: 3.3.2]
    - idna [required: >=2.5,<4, installed: 3.7]
    - urllib3 [required: >=1.21.1,<3, installed: 1.26.18]
  - starlette [required: >=0.35, installed: 0.37.2]
    - anyio [required: >=3.4.0,<5, installed: 4.3.0]
      - exceptiongroup [required: >=1.0.2, installed: 1.2.1]
      - idna [required: >=2.8, installed: 3.7]
      - sniffio [required: >=1.1, installed: 1.3.1]
      - typing-extensions [required: >=4.1, installed: 4.11.0]
    - typing-extensions [required: >=3.10.0, installed: 4.11.0]
  - typing-extensions [required: >=4, installed: 4.11.0]
  - werkzeug [required: >=2.2.1, installed: 2.2.2]
    - MarkupSafe [required: >=2.1.1, installed: 2.1.5]
Flask-Migrate==4.0.7
  - alembic [required: >=1.9.0, installed: 1.13.1]
    - Mako [required: Any, installed: 1.3.3]
      - MarkupSafe [required: >=0.9.2, installed: 2.1.5]
    - SQLAlchemy [required: >=1.3.0, installed: 2.0.29]
      - greenlet [required: !=0.4.17, installed: 3.0.3]
      - typing-extensions [required: >=4.6.0, installed: 4.11.0]
    - typing-extensions [required: >=4, installed: 4.11.0]
  - Flask [required: >=0.9, installed: 2.2.5]
    - click [required: >=8.0, installed: 8.1.7]
    - importlib-metadata [required: >=3.6.0, installed: 7.1.0]
      - zipp [required: >=0.5, installed: 3.18.1]
    - itsdangerous [required: >=2.0, installed: 2.1.2]
    - Jinja2 [required: >=3.0, installed: 3.1.3]
      - MarkupSafe [required: >=2.0, installed: 2.1.5]
    - Werkzeug [required: >=2.2.2, installed: 2.2.2]
      - MarkupSafe [required: >=2.1.1, installed: 2.1.5]
  - Flask-SQLAlchemy [required: >=1.0, installed: 3.1.1]
    - flask [required: >=2.2.5, installed: 2.2.5]
      - click [required: >=8.0, installed: 8.1.7]
      - importlib-metadata [required: >=3.6.0, installed: 7.1.0]
        - zipp [required: >=0.5, installed: 3.18.1]
      - itsdangerous [required: >=2.0, installed: 2.1.2]
      - Jinja2 [required: >=3.0, installed: 3.1.3]
        - MarkupSafe [required: >=2.0, installed: 2.1.5]
      - Werkzeug [required: >=2.2.2, installed: 2.2.2]
        - MarkupSafe [required: >=2.1.1, installed: 2.1.5]
    - sqlalchemy [required: >=2.0.16, installed: 2.0.29]
      - greenlet [required: !=0.4.17, installed: 3.0.3]
      - typing-extensions [required: >=4.6.0, installed: 4.11.0]
Flask-RESTful==0.3.10
  - aniso8601 [required: >=0.82, installed: 9.0.1]
  - Flask [required: >=0.8, installed: 2.2.5]
    - click [required: >=8.0, installed: 8.1.7]
    - importlib-metadata [required: >=3.6.0, installed: 7.1.0]
      - zipp [required: >=0.5, installed: 3.18.1]
    - itsdangerous [required: >=2.0, installed: 2.1.2]
    - Jinja2 [required: >=3.0, installed: 3.1.3]
      - MarkupSafe [required: >=2.0, installed: 2.1.5]
    - Werkzeug [required: >=2.2.2, installed: 2.2.2]
      - MarkupSafe [required: >=2.1.1, installed: 2.1.5]
  - pytz [required: Any, installed: 2024.1]
  - six [required: >=1.3.0, installed: 1.16.0]
flask-unleash==2.0.0
  - Flask [required: Any, installed: 2.2.5]
    - click [required: >=8.0, installed: 8.1.7]
    - importlib-metadata [required: >=3.6.0, installed: 7.1.0]
      - zipp [required: >=0.5, installed: 3.18.1]
    - itsdangerous [required: >=2.0, installed: 2.1.2]
    - Jinja2 [required: >=3.0, installed: 3.1.3]
      - MarkupSafe [required: >=2.0, installed: 2.1.5]
    - Werkzeug [required: >=2.2.2, installed: 2.2.2]
      - MarkupSafe [required: >=2.1.1, installed: 2.1.5]
  - UnleashClient [required: Any, installed: 5.11.2]
    - apscheduler [required: <4.0.0, installed: 3.10.4]
      - pytz [required: Any, installed: 2024.1]
      - six [required: >=1.4.0, installed: 1.16.0]
      - tzlocal [required: >=2.0,!=3.*, installed: 5.2]
    - fcache [required: Any, installed: 0.5.2]
      - platformdirs [required: ~=3.0, installed: 3.11.0]
    - importlib-metadata [required: Any, installed: 7.1.0]
      - zipp [required: >=0.5, installed: 3.18.1]
    - mmhash3 [required: Any, installed: 3.0.1]
    - python-dateutil [required: Any, installed: 2.8.2]
      - six [required: >=1.5, installed: 1.16.0]
    - requests [required: Any, installed: 2.31.0]
      - certifi [required: >=2017.4.17, installed: 2024.2.2]
      - charset-normalizer [required: >=2,<4, installed: 3.3.2]
      - idna [required: >=2.5,<4, installed: 3.7]
      - urllib3 [required: >=1.21.1,<3, installed: 1.26.18]
    - semver [required: <4.0.0, installed: 3.0.2]
gunicorn==22.0.0
  - packaging [required: Any, installed: 24.0]
honcho==1.1.0
httptools==0.6.1
jsonify==0.5
logstash-formatter==0.5.17
marshmallow==3.21.1
  - packaging [required: >=17.0, installed: 24.0]
openapi-spec-validator==0.7.1
  - jsonschema [required: >=4.18.0,<5.0.0, installed: 4.21.1]
    - attrs [required: >=22.2.0, installed: 23.2.0]
    - jsonschema-specifications [required: >=2023.03.6, installed: 2023.12.1]
      - referencing [required: >=0.31.0, installed: 0.31.1]
        - attrs [required: >=22.2.0, installed: 23.2.0]
        - rpds-py [required: >=0.7.0, installed: 0.18.0]
    - referencing [required: >=0.28.4, installed: 0.31.1]
      - attrs [required: >=22.2.0, installed: 23.2.0]
      - rpds-py [required: >=0.7.0, installed: 0.18.0]
    - rpds-py [required: >=0.7.1, installed: 0.18.0]
  - jsonschema-path [required: >=0.3.1,<0.4.0, installed: 0.3.2]
    - pathable [required: >=0.4.1,<0.5.0, installed: 0.4.3]
    - PyYAML [required: >=5.1, installed: 6.0.1]
    - referencing [required: >=0.28.0,<0.32.0, installed: 0.31.1]
      - attrs [required: >=22.2.0, installed: 23.2.0]
      - rpds-py [required: >=0.7.0, installed: 0.18.0]
    - requests [required: >=2.31.0,<3.0.0, installed: 2.31.0]
      - certifi [required: >=2017.4.17, installed: 2024.2.2]
      - charset-normalizer [required: >=2,<4, installed: 3.3.2]
      - idna [required: >=2.5,<4, installed: 3.7]
      - urllib3 [required: >=1.21.1,<3, installed: 1.26.18]
  - lazy-object-proxy [required: >=1.7.1,<2.0.0, installed: 1.10.0]
  - openapi-schema-validator [required: >=0.6.0,<0.7.0, installed: 0.6.2]
    - jsonschema [required: >=4.19.1,<5.0.0, installed: 4.21.1]
      - attrs [required: >=22.2.0, installed: 23.2.0]
      - jsonschema-specifications [required: >=2023.03.6, installed: 2023.12.1]
        - referencing [required: >=0.31.0, installed: 0.31.1]
          - attrs [required: >=22.2.0, installed: 23.2.0]
          - rpds-py [required: >=0.7.0, installed: 0.18.0]
      - referencing [required: >=0.28.4, installed: 0.31.1]
        - attrs [required: >=22.2.0, installed: 23.2.0]
        - rpds-py [required: >=0.7.0, installed: 0.18.0]
      - rpds-py [required: >=0.7.1, installed: 0.18.0]
    - jsonschema-specifications [required: >=2023.5.2,<2024.0.0, installed: 2023.12.1]
      - referencing [required: >=0.31.0, installed: 0.31.1]
        - attrs [required: >=22.2.0, installed: 23.2.0]
        - rpds-py [required: >=0.7.0, installed: 0.18.0]
    - rfc3339-validator [required: Any, installed: 0.1.4]
      - six [required: Any, installed: 1.16.0]
pgxnclient==1.3.2
  - six [required: Any, installed: 1.16.0]
prance==23.6.21.0
  - chardet [required: >=3.0, installed: 5.2.0]
  - packaging [required: >=21.3, installed: 24.0]
  - requests [required: >=2.25, installed: 2.31.0]
    - certifi [required: >=2017.4.17, installed: 2024.2.2]
    - charset-normalizer [required: >=2,<4, installed: 3.3.2]
    - idna [required: >=2.5,<4, installed: 3.7]
    - urllib3 [required: >=1.21.1,<3, installed: 1.26.18]
  - ruamel.yaml [required: >=0.17.10, installed: 0.18.6]
    - ruamel.yaml.clib [required: >=0.2.7, installed: 0.2.8]
  - six [required: ~=1.15, installed: 1.16.0]
pre-commit==3.7.0
  - cfgv [required: >=2.0.0, installed: 3.4.0]
  - identify [required: >=1.0.0, installed: 2.5.36]
  - nodeenv [required: >=0.11.1, installed: 1.8.0]
    - setuptools [required: Any, installed: 69.5.1]
  - pyyaml [required: >=5.1, installed: 6.0.1]
  - virtualenv [required: >=20.10.0, installed: 20.25.3]
    - distlib [required: >=0.3.7,<1, installed: 0.3.8]
    - filelock [required: >=3.12.2,<4, installed: 3.13.4]
    - platformdirs [required: >=3.9.1,<5, installed: 3.11.0]
prometheus-flask-exporter==0.22.4
  - flask [required: Any, installed: 2.2.5]
    - click [required: >=8.0, installed: 8.1.7]
    - importlib-metadata [required: >=3.6.0, installed: 7.1.0]
      - zipp [required: >=0.5, installed: 3.18.1]
    - itsdangerous [required: >=2.0, installed: 2.1.2]
    - Jinja2 [required: >=3.0, installed: 3.1.3]
      - MarkupSafe [required: >=2.0, installed: 2.1.5]
    - Werkzeug [required: >=2.2.2, installed: 2.2.2]
      - MarkupSafe [required: >=2.1.1, installed: 2.1.5]
  - prometheus-client [required: Any, installed: 0.20.0]
psycopg2==2.9.9
pytest-cov==5.0.0
  - coverage [required: >=5.2.1, installed: 7.4.4]
  - pytest [required: >=4.6, installed: 7.3.2]
    - exceptiongroup [required: >=1.0.0rc8, installed: 1.2.1]
    - iniconfig [required: Any, installed: 2.0.0]
    - packaging [required: Any, installed: 24.0]
    - pluggy [required: >=0.12,<2.0, installed: 1.5.0]
    - tomli [required: >=1.0.0, installed: 2.0.1]
pytest-mock==3.14.0
  - pytest [required: >=6.2.5, installed: 7.3.2]
    - exceptiongroup [required: >=1.0.0rc8, installed: 1.2.1]
    - iniconfig [required: Any, installed: 2.0.0]
    - packaging [required: Any, installed: 24.0]
    - pluggy [required: >=0.12,<2.0, installed: 1.5.0]
    - tomli [required: >=1.0.0, installed: 2.0.1]
pytest-subtests==0.12.1
  - attrs [required: >=19.2.0, installed: 23.2.0]
  - pytest [required: >=7.0, installed: 7.3.2]
    - exceptiongroup [required: >=1.0.0rc8, installed: 1.2.1]
    - iniconfig [required: Any, installed: 2.0.0]
    - packaging [required: Any, installed: 24.0]
    - pluggy [required: >=0.12,<2.0, installed: 1.5.0]
    - tomli [required: >=1.0.0, installed: 2.0.1]
python-dotenv==1.0.1
python-snappy==0.7.1
  - cramjam [required: Any, installed: 2.8.3]
segment-analytics-python==2.3.2
  - backoff [required: ~=2.1, installed: 2.2.1]
  - PyJWT [required: ~=2.8.0, installed: 2.8.0]
  - python-dateutil [required: ~=2.2, installed: 2.8.2]
    - six [required: >=1.5, installed: 1.16.0]
  - requests [required: ~=2.7, installed: 2.31.0]
    - certifi [required: >=2017.4.17, installed: 2024.2.2]
    - charset-normalizer [required: >=2,<4, installed: 3.3.2]
    - idna [required: >=2.5,<4, installed: 3.7]
    - urllib3 [required: >=1.21.1,<3, installed: 1.26.18]
SQLAlchemy-Utils==0.41.1
  - SQLAlchemy [required: >=1.3, installed: 2.0.29]
    - greenlet [required: !=0.4.17, installed: 3.0.3]
    - typing-extensions [required: >=4.6.0, installed: 4.11.0]
swagger-ui-bundle==1.1.0
  - Jinja2 [required: >=3.0.0,<4.0.0, installed: 3.1.3]
    - MarkupSafe [required: >=2.0, installed: 2.1.5]
ujson==5.9.0
uvicorn==0.29.0
  - click [required: >=7.0, installed: 8.1.7]
  - h11 [required: >=0.8, installed: 0.14.0]
  - typing-extensions [required: >=4.0, installed: 4.11.0]
uvloop==0.19.0
validators==0.28.1
watchfiles==0.21.0
  - anyio [required: >=3.0.0, installed: 4.3.0]
    - exceptiongroup [required: >=1.0.2, installed: 1.2.1]
    - idna [required: >=2.8, installed: 3.7]
    - sniffio [required: >=1.1, installed: 1.3.1]
    - typing-extensions [required: >=4.1, installed: 4.11.0]
watchtower==3.2.0
  - boto3 [required: >=1.9.253,<2, installed: 1.34.89]
    - botocore [required: >=1.34.89,<1.35.0, installed: 1.34.89]
      - jmespath [required: >=0.7.1,<2.0.0, installed: 1.0.1]
      - python-dateutil [required: >=2.1,<3.0.0, installed: 2.8.2]
        - six [required: >=1.5, installed: 1.16.0]
      - urllib3 [required: >=1.25.4,<1.27, installed: 1.26.18]
    - jmespath [required: >=0.7.1,<2.0.0, installed: 1.0.1]
    - s3transfer [required: >=0.10.0,<0.11.0, installed: 0.10.1]
      - botocore [required: >=1.33.2,<2.0a.0, installed: 1.34.89]
        - jmespath [required: >=0.7.1,<2.0.0, installed: 1.0.1]
        - python-dateutil [required: >=2.1,<3.0.0, installed: 2.8.2]
          - six [required: >=1.5, installed: 1.16.0]
        - urllib3 [required: >=1.25.4,<1.27, installed: 1.26.18]
websockets==12.0
